Flow report for mips_05
Fri Dec 01 07:36:51 2017
Quartus Prime Version 17.0.2 Build 602 07/19/2017 SJ Lite Edition


---------------------
; Table of Contents ;
---------------------
  1. Legal Notice
  2. Flow Summary
  3. Flow Settings
  4. Flow Non-Default Global Settings
  5. Flow Elapsed Time
  6. Flow OS Summary
  7. Flow Log
  8. Flow Messages
  9. Flow Suppressed Messages



----------------
; Legal Notice ;
----------------
Copyright (C) 2017  Intel Corporation. All rights reserved.
Your use of Intel Corporation's design tools, logic functions 
and other software and tools, and its AMPP partner logic 
functions, and any output files from any of the foregoing 
(including device programming or simulation files), and any 
associated documentation or information are expressly subject 
to the terms and conditions of the Intel Program License 
Subscription Agreement, the Intel Quartus Prime License Agreement,
the Intel MegaCore Function License Agreement, or other 
applicable license agreement, including, without limitation, 
that your use is for the sole purpose of programming logic 
devices manufactured by Intel and sold by Intel or its 
authorized distributors.  Please refer to the applicable 
agreement for further details.



+----------------------------------------------------------------------------------+
; Flow Summary                                                                     ;
+------------------------------------+---------------------------------------------+
; Flow Status                        ; Successful - Fri Dec 01 07:36:51 2017       ;
; Quartus Prime Version              ; 17.0.2 Build 602 07/19/2017 SJ Lite Edition ;
; Revision Name                      ; mips_05                                     ;
; Top-level Entity Name              ; mips32                                      ;
; Family                             ; Cyclone IV E                                ;
; Total logic elements               ; 41                                          ;
;     Total combinational functions  ; 41                                          ;
;     Dedicated logic registers      ; 32                                          ;
; Total registers                    ; 32                                          ;
; Total pins                         ; 268                                         ;
; Total virtual pins                 ; 0                                           ;
; Total memory bits                  ; 0                                           ;
; Embedded Multiplier 9-bit elements ; 0                                           ;
; Total PLLs                         ; 0                                           ;
+------------------------------------+---------------------------------------------+


+-----------------------------------------+
; Flow Settings                           ;
+-------------------+---------------------+
; Option            ; Setting             ;
+-------------------+---------------------+
; Start date & time ; 12/01/2017 07:36:34 ;
; Main task         ; Compilation         ;
; Revision Name     ; mips_05             ;
+-------------------+---------------------+


+-----------------------------------------------------------------------------------------------------------------------------+
; Flow Non-Default Global Settings                                                                                            ;
+-------------------------------------+----------------------------------------+---------------+-------------+----------------+
; Assignment Name                     ; Value                                  ; Default Value ; Entity Name ; Section Id     ;
+-------------------------------------+----------------------------------------+---------------+-------------+----------------+
; COMPILER_SIGNATURE_ID               ; 88491855259363.151213179402708         ; --            ; --          ; --             ;
; EDA_OUTPUT_DATA_FORMAT              ; Systemverilog Hdl                      ; --            ; --          ; eda_simulation ;
; EDA_SIMULATION_TOOL                 ; ModelSim-Altera (SystemVerilog)        ; <None>        ; --          ; --             ;
; EDA_TIME_SCALE                      ; 1 ps                                   ; --            ; --          ; eda_simulation ;
; FLOW_DISABLE_ASSEMBLER              ; On                                     ; Off           ; --          ; --             ;
; FLOW_ENABLE_IO_ASSIGNMENT_ANALYSIS  ; On                                     ; Off           ; --          ; --             ;
; NUM_PARALLEL_PROCESSORS             ; All                                    ; --            ; --          ; --             ;
; PARTITION_COLOR                     ; -- (Not supported for targeted family) ; --            ; mips32      ; Top            ;
; PARTITION_FITTER_PRESERVATION_LEVEL ; -- (Not supported for targeted family) ; --            ; mips32      ; Top            ;
; PARTITION_NETLIST_TYPE              ; -- (Not supported for targeted family) ; --            ; mips32      ; Top            ;
; PROJECT_OUTPUT_DIRECTORY            ; output_files                           ; --            ; --          ; --             ;
; SMART_RECOMPILE                     ; On                                     ; Off           ; --          ; --             ;
; TOP_LEVEL_ENTITY                    ; mips32                                 ; mips_05       ; --          ; --             ;
; VERILOG_INPUT_VERSION               ; SystemVerilog_2005                     ; Verilog_2001  ; --          ; --             ;
; VERILOG_SHOW_LMF_MAPPING_MESSAGES   ; Off                                    ; --            ; --          ; --             ;
+-------------------------------------+----------------------------------------+---------------+-------------+----------------+


+--------------------------------------------------------------------------------------------------------------------------+
; Flow Elapsed Time                                                                                                        ;
+----------------------+--------------+-------------------------+---------------------+------------------------------------+
; Module Name          ; Elapsed Time ; Average Processors Used ; Peak Virtual Memory ; Total CPU Time (on all processors) ;
+----------------------+--------------+-------------------------+---------------------+------------------------------------+
; Analysis & Synthesis ; 00:00:17     ; 1.0                     ; 660 MB              ; 00:00:36                           ;
; Total                ; 00:00:17     ; --                      ; --                  ; 00:00:36                           ;
+----------------------+--------------+-------------------------+---------------------+------------------------------------+


+------------------------------------------------------------------------------------+
; Flow OS Summary                                                                    ;
+----------------------+------------------+------------+------------+----------------+
; Module Name          ; Machine Hostname ; OS Name    ; OS Version ; Processor type ;
+----------------------+------------------+------------+------------+----------------+
; Analysis & Synthesis ; DESKTOP-7ECQD2U  ; Windows 10 ; 10.0       ; x86_64         ;
+----------------------+------------------+------------+------------+----------------+


------------
; Flow Log ;
------------
quartus_map --read_settings_files=on --write_settings_files=off mips_05 -c mips_05



